Determining if the pthread_create exist failed with the following output:
Change Dir: /home/yujie6/lightning/CMakeFiles/CMakeTmp

Run Build Command:"/usr/bin/make" "cmTC_03264/fast"
/usr/bin/make -f CMakeFiles/cmTC_03264.dir/build.make CMakeFiles/cmTC_03264.dir/build
make[1]: 进入目录“/home/yujie6/lightning/CMakeFiles/CMakeTmp”
Building C object CMakeFiles/cmTC_03264.dir/CheckSymbolExists.c.o
/usr/bin/cc    -o CMakeFiles/cmTC_03264.dir/CheckSymbolExists.c.o   -c /home/yujie6/lightning/CMakeFiles/CMakeTmp/CheckSymbolExists.c
Linking C executable cmTC_03264
/usr/bin/cmake -E cmake_link_script CMakeFiles/cmTC_03264.dir/link.txt --verbose=1
/usr/bin/cc      -rdynamic CMakeFiles/cmTC_03264.dir/CheckSymbolExists.c.o  -o cmTC_03264 
CMakeFiles/cmTC_03264.dir/CheckSymbolExists.c.o：在函数‘main’中：
CheckSymbolExists.c:(.text+0x1b)：对‘pthread_create’未定义的引用
collect2: error: ld returned 1 exit status
CMakeFiles/cmTC_03264.dir/build.make:97: recipe for target 'cmTC_03264' failed
make[1]: *** [cmTC_03264] Error 1
make[1]: 离开目录“/home/yujie6/lightning/CMakeFiles/CMakeTmp”
Makefile:126: recipe for target 'cmTC_03264/fast' failed
make: *** [cmTC_03264/fast] Error 2

File /home/yujie6/lightning/CMakeFiles/CMakeTmp/CheckSymbolExists.c:
/* */
#include <pthread.h>

int main(int argc, char** argv)
{
  (void)argv;
#ifndef pthread_create
  return ((int*)(&pthread_create))[argc];
#else
  (void)argc;
  return 0;
#endif
}

Determining if the function pthread_create exists in the pthreads failed with the following output:
Change Dir: /home/yujie6/lightning/CMakeFiles/CMakeTmp

Run Build Command:"/usr/bin/make" "cmTC_5b4d2/fast"
/usr/bin/make -f CMakeFiles/cmTC_5b4d2.dir/build.make CMakeFiles/cmTC_5b4d2.dir/build
make[1]: 进入目录“/home/yujie6/lightning/CMakeFiles/CMakeTmp”
Building C object CMakeFiles/cmTC_5b4d2.dir/CheckFunctionExists.c.o
/usr/bin/cc   -DCHECK_FUNCTION_EXISTS=pthread_create   -o CMakeFiles/cmTC_5b4d2.dir/CheckFunctionExists.c.o   -c /usr/share/cmake-3.10/Modules/CheckFunctionExists.c
Linking C executable cmTC_5b4d2
/usr/bin/cmake -E cmake_link_script CMakeFiles/cmTC_5b4d2.dir/link.txt --verbose=1
/usr/bin/cc  -DCHECK_FUNCTION_EXISTS=pthread_create    -rdynamic CMakeFiles/cmTC_5b4d2.dir/CheckFunctionExists.c.o  -o cmTC_5b4d2 -lpthreads 
/usr/bin/ld: 找不到 -lpthreads
collect2: error: ld returned 1 exit status
CMakeFiles/cmTC_5b4d2.dir/build.make:97: recipe for target 'cmTC_5b4d2' failed
make[1]: *** [cmTC_5b4d2] Error 1
make[1]: 离开目录“/home/yujie6/lightning/CMakeFiles/CMakeTmp”
Makefile:126: recipe for target 'cmTC_5b4d2/fast' failed
make: *** [cmTC_5b4d2/fast] Error 2


